<?xml version="1.0" encoding="UTF-8"?>
<testsuite name="automation.AppTest" tests="2" skipped="0" failures="0" errors="0" timestamp="2022-10-07T14:30:00" hostname="akshat-HP-250-G7-Notebook-PC" time="17.585">
  <properties/>
  <testcase name="webTesting" classname="automation.AppTest" time="13.863"/>
  <testcase name="apiTesting" classname="automation.AppTest" time="3.721"/>
  <system-out><![CDATA[http://localhost/
Siham
API status code: 200]]></system-out>
  <system-err><![CDATA[SLF4J: Failed to load class "org.slf4j.impl.StaticLoggerBinder".
SLF4J: Defaulting to no-operation (NOP) logger implementation
SLF4J: See http://www.slf4j.org/codes.html#StaticLoggerBinder for further details.
Starting ChromeDriver 106.0.5249.61 (511755355844955cd3e264779baf0dd38212a4d0-refs/branch-heads/5249@{#569}) on port 20561
Only local connections are allowed.
Please see https://chromedriver.chromium.org/security-considerations for suggestions on keeping ChromeDriver safe.
ChromeDriver was started successfully.
Oct 07, 2022 8:00:03 PM org.openqa.selenium.remote.ProtocolHandshake createSession
INFO: Detected dialect: W3C
]]></system-err>
</testsuite>
